<?xml version="1.0" encoding="UTF-8"?>
<!-- Generated by org.testng.reporters.JUnitReportReporter -->
<testsuite skipped="0" hostname="Mayank-Rock" name="api.testcases.PetTest" tests="1" failures="0" timestamp="2025-06-17T13:05:25 IST" time="2.598" errors="0">
  <testcase name="CreatePet" time="2.598" classname="api.testcases.PetTest"/>
  <system-out/>
</testsuite> <!-- api.testcases.PetTest -->
